[0514/172044.157:WARNING:dns_config_service_win.cc(700)] Failed to read DnsConfig.
[0514/172049.172:WARNING:dns_config_service_win.cc(700)] Failed to read DnsConfig.
[0514/172049.360:WARNING:dns_config_service_win.cc(700)] Failed to read DnsConfig.
[0514/172052.624:ERROR:batching_media_log.cc(38)] MediaEvent: {"error":"FFmpegDemuxer: open context failed"}
[0514/172052.625:ERROR:batching_media_log.cc(35)] MediaEvent: {"pipeline_error":12}
[0514/172052.807:INFO:CONSOLE(1)] "Uncaught (in promise) NotSupportedError: The element has no supported sources.", source: data:text/html,%3C!doctype%20html%3E%3Chtml%3E%3Chead%3E%3Cstyle%20type%3D'text%2Fcss'%3Edocument%2C%20body%20%7Bpadding%3A0%3Bmargin%3A0%3B%20width%3A100%25%3B%20height%3A%20100%25%7D%20video%2C%20audio%20%7Bmargin%3A0%3B%20padding%3A0%3B%20width%3A100%25%3B%20height%3A%20100%25%7D%3C%2Fstyle%3E%3C%2Fhead%3E%3Cbody%3E%3Caudio%20id%3D'cn1Media'%20width%3D'640'%20height%3D'480'%20style%3D'width%3A100%25%3Bheight%3A100%25'%20src%3D'https%3A%2F%2Fcn1app%2Fstreams%2F1'%2F%3E%3Cscript%3Ewindow.cn1Media%20%3D%20document.getElementById('cn1Media')%3Bfunction%20callback(data)%7B%20cefQuery(%7Brequest%3A'shouldNavigate%3A'%2BJSON.stringify(data)%2C%20onSuccess%3A%20function(response)%7B%7D%2C%20onFailure%3Afunction(error_code%2C%20error_message)%20%7B%20console.log(error_message)%7D%7D)%3B%7Dcn1Media.addEventListener('pause'%2C%20function()%7B%20callback(%7B'state'%3A'paused'%7D)%7D)%3Bcn1Media.addEventListener('play'%2C%20function()%7B%20callback(%7B'state'%3A'playing'%7D)%7D)%3Bcn1Media.addEventListener('ended'%2C%20function()%7B%20callback(%7B'state'%3A'ended'%7D)%7D)%3Bcn1Media.addEventListener('durationchange'%2C%20function()%7B%20callback(%7B'duration'%3A%20Math.floor(cn1Media.duration%20*%201000)%7D)%7D)%3Bcn1Media.addEventListener('timeupdate'%2C%20function()%7B%20callback(%7B'time'%3A%20Math.floor(cn1Media.currentTime%20*%201000)%7D)%7D)%3Bcn1Media.addEventListener('volumechange'%2C%20function()%7B%20callback(%7B'volume'%3A%20Math.round(cn1Media.volume%20*%20100)%7D)%7D)%3Bcn1Media.addEventListener('error'%2C%20function()%7B%20var%20msg%20%3D%20'Unknown%20Error'%3B%20try%20%7Bmsg%20%3D%20cn1Media.error.message%20%2B%20'.%20Code%3D'%2Bcn1Media.error.code%3B%7Dcatch(e)%7B%7D%20callback(%7B'error'%3A%20msg%7D)%7D)%3B%3C%2Fscript%3E%20%3C%2Fbody%3E%3C%2Fhtml%3E (1)
[0514/172054.182:WARNING:dns_config_service_win.cc(700)] Failed to read DnsConfig.
[0514/172054.369:WARNING:dns_config_service_win.cc(700)] Failed to read DnsConfig.
[0514/172059.200:WARNING:dns_config_service_win.cc(700)] Failed to read DnsConfig.
[0514/172059.387:WARNING:dns_config_service_win.cc(700)] Failed to read DnsConfig.
[0514/172104.216:WARNING:dns_config_service_win.cc(700)] Failed to read DnsConfig.
[0514/172104.403:WARNING:dns_config_service_win.cc(700)] Failed to read DnsConfig.
[0514/172109.236:WARNING:dns_config_service_win.cc(700)] Failed to read DnsConfig.
[0514/172109.435:WARNING:dns_config_service_win.cc(700)] Failed to read DnsConfig.
[0514/172114.245:WARNING:dns_config_service_win.cc(700)] Failed to read DnsConfig.
[0514/172114.445:WARNING:dns_config_service_win.cc(700)] Failed to read DnsConfig.
[0514/172119.265:WARNING:dns_config_service_win.cc(700)] Failed to read DnsConfig.
[0514/172119.465:WARNING:dns_config_service_win.cc(700)] Failed to read DnsConfig.
[0514/172124.275:WARNING:dns_config_service_win.cc(700)] Failed to read DnsConfig.
[0514/172124.475:WARNING:dns_config_service_win.cc(700)] Failed to read DnsConfig.
[0514/172129.286:WARNING:dns_config_service_win.cc(700)] Failed to read DnsConfig.
[0514/172129.485:WARNING:dns_config_service_win.cc(700)] Failed to read DnsConfig.
[0514/172134.300:WARNING:dns_config_service_win.cc(700)] Failed to read DnsConfig.
[0514/172134.500:WARNING:dns_config_service_win.cc(700)] Failed to read DnsConfig.
[0514/172139.303:WARNING:dns_config_service_win.cc(700)] Failed to read DnsConfig.
[0514/172139.522:WARNING:dns_config_service_win.cc(700)] Failed to read DnsConfig.
[0514/172144.318:WARNING:dns_config_service_win.cc(700)] Failed to read DnsConfig.
[0514/172144.537:WARNING:dns_config_service_win.cc(700)] Failed to read DnsConfig.
[0514/172149.332:WARNING:dns_config_service_win.cc(700)] Failed to read DnsConfig.
[0514/172149.551:WARNING:dns_config_service_win.cc(700)] Failed to read DnsConfig.
[0514/172154.347:WARNING:dns_config_service_win.cc(700)] Failed to read DnsConfig.
[0514/172154.565:WARNING:dns_config_service_win.cc(700)] Failed to read DnsConfig.
[0514/172512.236:WARNING:dns_config_service_win.cc(700)] Failed to read DnsConfig.
[0514/172512.601:WARNING:dns_config_service_win.cc(700)] Failed to read DnsConfig.
[0514/172517.260:WARNING:dns_config_service_win.cc(700)] Failed to read DnsConfig.
[0514/172517.620:WARNING:dns_config_service_win.cc(700)] Failed to read DnsConfig.
[0514/172522.271:WARNING:dns_config_service_win.cc(700)] Failed to read DnsConfig.
[0514/172522.630:WARNING:dns_config_service_win.cc(700)] Failed to read DnsConfig.
[0514/172714.075:WARNING:dns_config_service_win.cc(700)] Failed to read DnsConfig.
[0514/172714.441:WARNING:dns_config_service_win.cc(700)] Failed to read DnsConfig.
[0514/172719.089:WARNING:dns_config_service_win.cc(700)] Failed to read DnsConfig.
[0514/172719.449:WARNING:dns_config_service_win.cc(700)] Failed to read DnsConfig.
[0514/172724.109:WARNING:dns_config_service_win.cc(700)] Failed to read DnsConfig.
[0514/172724.469:WARNING:dns_config_service_win.cc(700)] Failed to read DnsConfig.
[0514/172729.129:WARNING:dns_config_service_win.cc(700)] Failed to read DnsConfig.
[0514/172729.490:WARNING:dns_config_service_win.cc(700)] Failed to read DnsConfig.
[0514/175440.002:ERROR:batching_media_log.cc(38)] MediaEvent: {"error":"FFmpegDemuxer: data source error"}
[0514/175440.003:ERROR:batching_media_log.cc(35)] MediaEvent: {"pipeline_error":9}
[0514/175440.035:WARNING:sync_reader.cc(170)] ASR: No room in socket buffer.: The pipe is being closed. (0xE8)
[0514/175443.389:ERROR:batching_media_log.cc(38)] MediaEvent: {"error":"FFmpegDemuxer: data source error"}
[0514/175443.390:ERROR:batching_media_log.cc(35)] MediaEvent: {"pipeline_error":9}
[0514/175443.390:WARNING:sync_reader.cc(170)] ASR: No room in socket buffer.: The pipe is being closed. (0xE8)
[0514/175446.774:ERROR:batching_media_log.cc(38)] MediaEvent: {"error":"FFmpegDemuxer: data source error"}
[0514/175446.775:ERROR:batching_media_log.cc(35)] MediaEvent: {"pipeline_error":9}
[0514/175450.775:ERROR:batching_media_log.cc(38)] MediaEvent: {"error":"FFmpegDemuxer: data source error"}
[0514/175450.776:ERROR:batching_media_log.cc(35)] MediaEvent: {"pipeline_error":9}
[0514/175622.485:ERROR:batching_media_log.cc(38)] MediaEvent: {"error":"FFmpegDemuxer: data source error"}
[0514/175622.486:ERROR:batching_media_log.cc(35)] MediaEvent: {"pipeline_error":9}
[0514/175632.110:ERROR:batching_media_log.cc(38)] MediaEvent: {"error":"FFmpegDemuxer: data source error"}
[0514/175632.110:ERROR:batching_media_log.cc(35)] MediaEvent: {"pipeline_error":9}
[0514/175636.539:ERROR:batching_media_log.cc(38)] MediaEvent: {"error":"FFmpegDemuxer: data source error"}
[0514/175636.540:ERROR:batching_media_log.cc(35)] MediaEvent: {"pipeline_error":9}
[0514/175639.838:ERROR:batching_media_log.cc(38)] MediaEvent: {"error":"FFmpegDemuxer: data source error"}
[0514/175639.838:ERROR:batching_media_log.cc(35)] MediaEvent: {"pipeline_error":9}
